<?xml version="1.0" encoding="UTF-8"?>
<!-- Generated by org.testng.reporters.JUnitXMLReporter -->
<testsuite hostname="DESKTOP-V0KV2GF" ignored="0" name="Test" tests="2" failures="1" timestamp="07 Jul 2023 12:44:47 GMT" time="9.278" errors="0">
  <testcase name="test01" time="7.251" classname="com.Test.LoginTest"/>
  <testcase name="test01" time="1.965" classname="com.Test.LoginTest1">
    <failure type="org.openqa.selenium.SessionNotCreatedException" message="session not created
from no such execution context: loader has changed while resolving nodes
  (Session info: chrome=114.0.5735.199)
Build info: version: &amp;apos;3.141.59&amp;apos;, revision: &amp;apos;e82be7d358&amp;apos;, time: &amp;apos;2018-11-14T08:17:03&amp;apos;
System info: host: &amp;apos;DESKTOP-V0KV2GF&amp;apos;, ip: &amp;apos;192.168.179.106&amp;apos;, os.name: &amp;apos;Windows 10&amp;apos;, os.arch: &amp;apos;amd64&amp;apos;, os.version: &amp;apos;10.0&amp;apos;, java.version: &amp;apos;1.8.0_202&amp;apos;
Driver info: driver.version: ChromeDriver
remote stacktrace: Backtrace:
	GetHandleVerifier [0x00ECA813+48355]
	(No symbol) [0x00E5C4B1]
	(No symbol) [0x00D65358]
	(No symbol) [0x00D67D86]
	(No symbol) [0x00D699E1]
	(No symbol) [0x00D69A80]
	(No symbol) [0x00DB1F1B]
	(No symbol) [0x00DB093C]
	(No symbol) [0x00DAA536]
	(No symbol) [0x00D882DC]
	(No symbol) [0x00D893DD]
	GetHandleVerifier [0x0112AABD+2539405]
	GetHandleVerifier [0x0116A78F+2800735]
	GetHandleVerifier [0x0116456C+2775612]
	GetHandleVerifier [0x00F551E0+616112]
	(No symbol) [0x00E65F8C]
	(No symbol) [0x00E62328]
	(No symbol) [0x00E6240B]
	(No symbol) [0x00E54FF7]
	BaseThreadInitThunk [0x76C900C9+25]
	RtlGetAppContainerNamedObjectPath [0x77D47B4E+286]
	RtlGetAppContainerNamedObjectPath [0x77D47B1E+238]
">
      <![CDATA[org.openqa.selenium.SessionNotCreatedException: session not created
from no such execution context: loader has changed while resolving nodes
  (Session info: chrome=114.0.5735.199)
Build info: version: '3.141.59', revision: 'e82be7d358', time: '2018-11-14T08:17:03'
System info: host: 'DESKTOP-V0KV2GF', ip: '192.168.179.106', os.name: 'Windows 10', os.arch: 'amd64', os.version: '10.0', java.version: '1.8.0_202'
Driver info: driver.version: ChromeDriver
remote stacktrace: Backtrace:
GetHandleVerifier [0x00ECA813+48355]
(No symbol) [0x00E5C4B1]
(No symbol) [0x00D65358]
(No symbol) [0x00D67D86]
(No symbol) [0x00D699E1]
(No symbol) [0x00D69A80]
(No symbol) [0x00DB1F1B]
(No symbol) [0x00DB093C]
(No symbol) [0x00DAA536]
(No symbol) [0x00D882DC]
(No symbol) [0x00D893DD]
GetHandleVerifier [0x0112AABD+2539405]
GetHandleVerifier [0x0116A78F+2800735]
GetHandleVerifier [0x0116456C+2775612]
GetHandleVerifier [0x00F551E0+616112]
(No symbol) [0x00E65F8C]
(No symbol) [0x00E62328]
(No symbol) [0x00E6240B]
(No symbol) [0x00E54FF7]
BaseThreadInitThunk [0x76C900C9+25]
RtlGetAppContainerNamedObjectPath [0x77D47B4E+286]
RtlGetAppContainerNamedObjectPath [0x77D47B1E+238]

at org.openqa.selenium.remote.W3CHandshakeResponse.lambda$errorHandler$0(W3CHandshakeResponse.java:62)
at org.openqa.selenium.remote.HandshakeResponse.lambda$getResponseFunction$0(HandshakeResponse.java:30)
at org.openqa.selenium.remote.ProtocolHandshake.lambda$createSession$0(ProtocolHandshake.java:126)
at java.util.stream.ReferencePipeline$3$1.accept(ReferencePipeline.java:193)
at java.util.Spliterators$ArraySpliterator.tryAdvance(Spliterators.java:958)
at java.util.stream.ReferencePipeline.forEachWithCancel(ReferencePipeline.java:126)
at java.util.stream.AbstractPipeline.copyIntoWithCancel(AbstractPipeline.java:498)
at java.util.stream.AbstractPipeline.copyInto(AbstractPipeline.java:485)
at java.util.stream.AbstractPipeline.wrapAndCopyInto(AbstractPipeline.java:471)
at java.util.stream.FindOps$FindOp.evaluateSequential(FindOps.java:152)
at java.util.stream.AbstractPipeline.evaluate(AbstractPipeline.java:234)
at java.util.stream.ReferencePipeline.findFirst(ReferencePipeline.java:464)
at org.openqa.selenium.remote.ProtocolHandshake.createSession(ProtocolHandshake.java:128)
at org.openqa.selenium.remote.ProtocolHandshake.createSession(ProtocolHandshake.java:74)
at org.openqa.selenium.remote.HttpCommandExecutor.execute(HttpCommandExecutor.java:136)
at org.openqa.selenium.remote.service.DriverCommandExecutor.execute(DriverCommandExecutor.java:83)
at org.openqa.selenium.remote.RemoteWebDriver.execute(RemoteWebDriver.java:552)
at org.openqa.selenium.remote.RemoteWebDriver.startSession(RemoteWebDriver.java:213)
at org.openqa.selenium.remote.RemoteWebDriver.<init>(RemoteWebDriver.java:131)
at org.openqa.selenium.chrome.ChromeDriver.<init>(ChromeDriver.java:181)
at org.openqa.selenium.chrome.ChromeDriver.<init>(ChromeDriver.java:168)
at org.openqa.selenium.chrome.ChromeDriver.<init>(ChromeDriver.java:123)
at com.Test.LoginTest1.test01(LoginTest1.java:15)
... Removed 29 stack frames]]>
    </failure>
  </testcase> <!-- test01 -->
</testsuite> <!-- Test -->
